# JRE version: OpenJDK Runtime Environment (15.0.2+7) (build 15.0.2+7)
# Java VM: OpenJDK 64-Bit Server VM (15.0.2+7, mixed mode, tiered, compressed oops, g1 gc, linux-amd64)
GC Precious Log:
 CPUs: 12 total, 12 available
 Memory: 32117M
 Large Page Support: Disabled
 NUMA Support: Disabled
 Compressed Oops: Enabled (Zero based)
 Heap Region Size: 4M
 Heap Min Capacity: 8M
 Heap Initial Capacity: 504M
 Heap Max Capacity: 8032M
 Pre-touch: Disabled
 Parallel Workers: 10
 Concurrent Workers: 3
 Concurrent Refinement Workers: 10
 Periodic GC: Disabled
Heap:
 garbage-first heap   total 40960K, used 21575K [0x000000060a000000, 0x0000000800000000)
  region size 4096K, 5 young (20480K), 1 survivors (4096K)
 Metaspace       used 33853K, capacity 34101K, committed 34816K, reserved 1081344K
  class space    used 3421K, capacity 3486K, committed 3584K, reserved 1048576K
GC Heap History (10 events):
Event: 0.382 GC heap before
{Heap before GC invocations=0 (full 0):
 garbage-first heap   total 516096K, used 24576K [0x000000060a000000, 0x0000000800000000)
  region size 4096K, 6 young (24576K), 0 survivors (0K)
 Metaspace       used 11892K, capacity 12031K, committed 12416K, reserved 1060864K
  class space    used 1060K, capacity 1109K, committed 1152K, reserved 1048576K
}
Event: 0.384 GC heap after
{Heap after GC invocations=1 (full 0):
 garbage-first heap   total 516096K, used 3262K [0x000000060a000000, 0x0000000800000000)
  region size 4096K, 1 young (4096K), 1 survivors (4096K)
 Metaspace       used 11892K, capacity 12031K, committed 12416K, reserved 1060864K
  class space    used 1060K, capacity 1109K, committed 1152K, reserved 1048576K
}
Event: 1.139 GC heap before
{Heap before GC invocations=1 (full 0):
 garbage-first heap   total 516096K, used 27838K [0x000000060a000000, 0x0000000800000000)
  region size 4096K, 7 young (28672K), 1 survivors (4096K)
 Metaspace       used 19530K, capacity 19762K, committed 20224K, reserved 1067008K
  class space    used 1864K, capacity 1950K, committed 2048K, reserved 1048576K
}
Event: 1.142 GC heap after
{Heap after GC invocations=2 (full 0):
 garbage-first heap   total 516096K, used 6947K [0x000000060a000000, 0x0000000800000000)
  region size 4096K, 1 young (4096K), 1 survivors (4096K)
 Metaspace       used 19530K, capacity 19762K, committed 20224K, reserved 1067008K
  class space    used 1864K, capacity 1950K, committed 2048K, reserved 1048576K
}
Event: 2.168 GC heap before
{Heap before GC invocations=2 (full 0):
 garbage-first heap   total 516096K, used 11043K [0x000000060a000000, 0x0000000800000000)
  region size 4096K, 3 young (12288K), 1 survivors (4096K)
 Metaspace       used 20692K, capacity 20934K, committed 21248K, reserved 1069056K
  class space    used 1971K, capacity 2022K, committed 2048K, reserved 1048576K
}
Event: 2.170 GC heap after
{Heap after GC invocations=3 (full 0):
 garbage-first heap   total 516096K, used 7243K [0x000000060a000000, 0x0000000800000000)
  region size 4096K, 1 young (4096K), 1 survivors (4096K)
 Metaspace       used 20692K, capacity 20934K, committed 21248K, reserved 1069056K
  class space    used 1971K, capacity 2022K, committed 2048K, reserved 1048576K
}
Event: 2.516 GC heap before
{Heap before GC invocations=4 (full 0):
 garbage-first heap   total 40960K, used 27723K [0x000000060a000000, 0x0000000800000000)
  region size 4096K, 6 young (24576K), 1 survivors (4096K)
 Metaspace       used 27730K, capacity 28012K, committed 28544K, reserved 1075200K
  class space    used 2810K, capacity 2908K, committed 2944K, reserved 1048576K
}
Event: 2.519 GC heap after
{Heap after GC invocations=5 (full 0):
 garbage-first heap   total 40960K, used 8406K [0x000000060a000000, 0x0000000800000000)
  region size 4096K, 1 young (4096K), 1 survivors (4096K)
 Metaspace       used 27730K, capacity 28012K, committed 28544K, reserved 1075200K
  class space    used 2810K, capacity 2908K, committed 2944K, reserved 1048576K
}
Event: 2.771 GC heap before
{Heap before GC invocations=5 (full 0):
 garbage-first heap   total 40960K, used 24790K [0x000000060a000000, 0x0000000800000000)
  region size 4096K, 5 young (20480K), 1 survivors (4096K)
 Metaspace       used 31590K, capacity 31797K, committed 32256K, reserved 1079296K
  class space    used 3249K, capacity 3294K, committed 3328K, reserved 1048576K
}
Event: 2.773 GC heap after
{Heap after GC invocations=6 (full 0):
 garbage-first heap   total 40960K, used 9287K [0x000000060a000000, 0x0000000800000000)
  region size 4096K, 1 young (4096K), 1 survivors (4096K)
 Metaspace       used 31590K, capacity 31797K, committed 32256K, reserved 1079296K
  class space    used 3249K, capacity 3294K, committed 3328K, reserved 1048576K
}

