# JRE version: OpenJDK Runtime Environment (15.0.2+7) (build 15.0.2+7)
# Java VM: OpenJDK 64-Bit Server VM (15.0.2+7, mixed mode, tiered, compressed oops, g1 gc, linux-amd64)
GC Precious Log:
 CPUs: 12 total, 12 available
 Memory: 32117M
 Large Page Support: Disabled
 NUMA Support: Disabled
 Compressed Oops: Enabled (Zero based)
 Heap Region Size: 4M
 Heap Min Capacity: 8M
 Heap Initial Capacity: 504M
 Heap Max Capacity: 8032M
 Pre-touch: Disabled
 Parallel Workers: 10
 Concurrent Workers: 3
 Concurrent Refinement Workers: 10
 Periodic GC: Disabled
Heap:
 garbage-first heap   total 40960K, used 9446K [0x000000060a000000, 0x0000000800000000)
  region size 4096K, 2 young (8192K), 1 survivors (4096K)
 Metaspace       used 33597K, capacity 33941K, committed 34560K, reserved 1081344K
  class space    used 3423K, capacity 3518K, committed 3584K, reserved 1048576K
GC Heap History (12 events):
Event: 0.387 GC heap before
{Heap before GC invocations=0 (full 0):
 garbage-first heap   total 516096K, used 24576K [0x000000060a000000, 0x0000000800000000)
  region size 4096K, 6 young (24576K), 0 survivors (0K)
 Metaspace       used 11900K, capacity 12031K, committed 12160K, reserved 1060864K
  class space    used 1064K, capacity 1109K, committed 1152K, reserved 1048576K
}
Event: 0.388 GC heap after
{Heap after GC invocations=1 (full 0):
 garbage-first heap   total 516096K, used 3249K [0x000000060a000000, 0x0000000800000000)
  region size 4096K, 1 young (4096K), 1 survivors (4096K)
 Metaspace       used 11900K, capacity 12031K, committed 12160K, reserved 1060864K
  class space    used 1064K, capacity 1109K, committed 1152K, reserved 1048576K
}
Event: 1.173 GC heap before
{Heap before GC invocations=1 (full 0):
 garbage-first heap   total 516096K, used 27825K [0x000000060a000000, 0x0000000800000000)
  region size 4096K, 7 young (28672K), 1 survivors (4096K)
 Metaspace       used 19731K, capacity 19956K, committed 20224K, reserved 1067008K
  class space    used 1877K, capacity 1952K, committed 2048K, reserved 1048576K
}
Event: 1.176 GC heap after
{Heap after GC invocations=2 (full 0):
 garbage-first heap   total 516096K, used 7100K [0x000000060a000000, 0x0000000800000000)
  region size 4096K, 1 young (4096K), 1 survivors (4096K)
 Metaspace       used 19731K, capacity 19956K, committed 20224K, reserved 1067008K
  class space    used 1877K, capacity 1952K, committed 2048K, reserved 1048576K
}
Event: 2.199 GC heap before
{Heap before GC invocations=2 (full 0):
 garbage-first heap   total 516096K, used 11196K [0x000000060a000000, 0x0000000800000000)
  region size 4096K, 3 young (12288K), 1 survivors (4096K)
 Metaspace       used 20707K, capacity 20934K, committed 21248K, reserved 1069056K
  class space    used 1971K, capacity 2022K, committed 2048K, reserved 1048576K
}
Event: 2.200 GC heap after
{Heap after GC invocations=3 (full 0):
 garbage-first heap   total 516096K, used 7207K [0x000000060a000000, 0x0000000800000000)
  region size 4096K, 1 young (4096K), 1 survivors (4096K)
 Metaspace       used 20707K, capacity 20934K, committed 21248K, reserved 1069056K
  class space    used 1971K, capacity 2022K, committed 2048K, reserved 1048576K
}
Event: 2.545 GC heap before
{Heap before GC invocations=4 (full 0):
 garbage-first heap   total 40960K, used 27687K [0x000000060a000000, 0x0000000800000000)
  region size 4096K, 6 young (24576K), 1 survivors (4096K)
 Metaspace       used 27736K, capacity 28012K, committed 28544K, reserved 1075200K
  class space    used 2812K, capacity 2908K, committed 2944K, reserved 1048576K
}
Event: 2.547 GC heap after
{Heap after GC invocations=5 (full 0):
 garbage-first heap   total 40960K, used 8397K [0x000000060a000000, 0x0000000800000000)
  region size 4096K, 1 young (4096K), 1 survivors (4096K)
 Metaspace       used 27736K, capacity 28012K, committed 28544K, reserved 1075200K
  class space    used 2812K, capacity 2908K, committed 2944K, reserved 1048576K
}
Event: 2.782 GC heap before
{Heap before GC invocations=5 (full 0):
 garbage-first heap   total 40960K, used 24781K [0x000000060a000000, 0x0000000800000000)
  region size 4096K, 5 young (20480K), 1 survivors (4096K)
 Metaspace       used 31581K, capacity 31893K, committed 32512K, reserved 1079296K
  class space    used 3252K, capacity 3326K, committed 3328K, reserved 1048576K
}
Event: 2.784 GC heap after
{Heap after GC invocations=6 (full 0):
 garbage-first heap   total 40960K, used 9155K [0x000000060a000000, 0x0000000800000000)
  region size 4096K, 1 young (4096K), 1 survivors (4096K)
 Metaspace       used 31581K, capacity 31893K, committed 32512K, reserved 1079296K
  class space    used 3252K, capacity 3326K, committed 3328K, reserved 1048576K
}
Event: 6.165 GC heap before
{Heap before GC invocations=6 (full 0):
 garbage-first heap   total 40960K, used 25539K [0x000000060a000000, 0x0000000800000000)
  region size 4096K, 5 young (20480K), 1 survivors (4096K)
 Metaspace       used 33189K, capacity 33461K, committed 34048K, reserved 1079296K
  class space    used 3393K, capacity 3486K, committed 3584K, reserved 1048576K
}
Event: 6.167 GC heap after
{Heap after GC invocations=7 (full 0):
 garbage-first heap   total 40960K, used 9446K [0x000000060a000000, 0x0000000800000000)
  region size 4096K, 1 young (4096K), 1 survivors (4096K)
 Metaspace       used 33189K, capacity 33461K, committed 34048K, reserved 1079296K
  class space    used 3393K, capacity 3486K, committed 3584K, reserved 1048576K
}

