# JRE version: OpenJDK Runtime Environment (15.0.2+7) (build 15.0.2+7)
# Java VM: OpenJDK 64-Bit Server VM (15.0.2+7, mixed mode, tiered, compressed oops, g1 gc, linux-amd64)
GC Precious Log:
 CPUs: 12 total, 12 available
 Memory: 32117M
 Large Page Support: Disabled
 NUMA Support: Disabled
 Compressed Oops: Enabled (Zero based)
 Heap Region Size: 4M
 Heap Min Capacity: 8M
 Heap Initial Capacity: 504M
 Heap Max Capacity: 8032M
 Pre-touch: Disabled
 Parallel Workers: 10
 Concurrent Workers: 3
 Concurrent Refinement Workers: 10
 Periodic GC: Disabled
Heap:
 garbage-first heap   total 40960K, used 17380K [0x000000060a000000, 0x0000000800000000)
  region size 4096K, 4 young (16384K), 1 survivors (4096K)
 Metaspace       used 33662K, capacity 34005K, committed 34556K, reserved 1081344K
  class space    used 3423K, capacity 3518K, committed 3584K, reserved 1048576K
GC Heap History (10 events):
Event: 0.363 GC heap before
{Heap before GC invocations=0 (full 0):
 garbage-first heap   total 516096K, used 24576K [0x000000060a000000, 0x0000000800000000)
  region size 4096K, 6 young (24576K), 0 survivors (0K)
 Metaspace       used 11895K, capacity 12031K, committed 12416K, reserved 1060864K
  class space    used 1063K, capacity 1109K, committed 1152K, reserved 1048576K
}
Event: 0.365 GC heap after
{Heap after GC invocations=1 (full 0):
 garbage-first heap   total 516096K, used 3252K [0x000000060a000000, 0x0000000800000000)
  region size 4096K, 1 young (4096K), 1 survivors (4096K)
 Metaspace       used 11895K, capacity 12031K, committed 12416K, reserved 1060864K
  class space    used 1063K, capacity 1109K, committed 1152K, reserved 1048576K
}
Event: 1.147 GC heap before
{Heap before GC invocations=1 (full 0):
 garbage-first heap   total 516096K, used 27828K [0x000000060a000000, 0x0000000800000000)
  region size 4096K, 7 young (28672K), 1 survivors (4096K)
 Metaspace       used 19654K, capacity 19892K, committed 20224K, reserved 1067008K
  class space    used 1875K, capacity 1952K, committed 2048K, reserved 1048576K
}
Event: 1.150 GC heap after
{Heap after GC invocations=2 (full 0):
 garbage-first heap   total 516096K, used 7049K [0x000000060a000000, 0x0000000800000000)
  region size 4096K, 1 young (4096K), 1 survivors (4096K)
 Metaspace       used 19654K, capacity 19892K, committed 20224K, reserved 1067008K
  class space    used 1875K, capacity 1952K, committed 2048K, reserved 1048576K
}
Event: 2.151 GC heap before
{Heap before GC invocations=2 (full 0):
 garbage-first heap   total 516096K, used 11145K [0x000000060a000000, 0x0000000800000000)
  region size 4096K, 3 young (12288K), 1 survivors (4096K)
 Metaspace       used 20682K, capacity 20934K, committed 21248K, reserved 1069056K
  class space    used 1971K, capacity 2022K, committed 2048K, reserved 1048576K
}
Event: 2.153 GC heap after
{Heap after GC invocations=3 (full 0):
 garbage-first heap   total 516096K, used 7181K [0x000000060a000000, 0x0000000800000000)
  region size 4096K, 1 young (4096K), 1 survivors (4096K)
 Metaspace       used 20682K, capacity 20934K, committed 21248K, reserved 1069056K
  class space    used 1971K, capacity 2022K, committed 2048K, reserved 1048576K
}
Event: 2.495 GC heap before
{Heap before GC invocations=4 (full 0):
 garbage-first heap   total 40960K, used 27661K [0x000000060a000000, 0x0000000800000000)
  region size 4096K, 6 young (24576K), 1 survivors (4096K)
 Metaspace       used 27708K, capacity 27980K, committed 28540K, reserved 1075200K
  class space    used 2808K, capacity 2876K, committed 2944K, reserved 1048576K
}
Event: 2.498 GC heap after
{Heap after GC invocations=5 (full 0):
 garbage-first heap   total 40960K, used 8376K [0x000000060a000000, 0x0000000800000000)
  region size 4096K, 1 young (4096K), 1 survivors (4096K)
 Metaspace       used 27708K, capacity 27980K, committed 28540K, reserved 1075200K
  class space    used 2808K, capacity 2876K, committed 2944K, reserved 1048576K
}
Event: 2.762 GC heap before
{Heap before GC invocations=5 (full 0):
 garbage-first heap   total 40960K, used 20664K [0x000000060a000000, 0x0000000800000000)
  region size 4096K, 5 young (20480K), 1 survivors (4096K)
 Metaspace       used 31593K, capacity 31797K, committed 32508K, reserved 1079296K
  class space    used 3249K, capacity 3294K, committed 3328K, reserved 1048576K
}
Event: 2.764 GC heap after
{Heap after GC invocations=6 (full 0):
 garbage-first heap   total 40960K, used 9188K [0x000000060a000000, 0x0000000800000000)
  region size 4096K, 1 young (4096K), 1 survivors (4096K)
 Metaspace       used 31593K, capacity 31797K, committed 32508K, reserved 1079296K
  class space    used 3249K, capacity 3294K, committed 3328K, reserved 1048576K
}

