# JRE version: OpenJDK Runtime Environment (15.0.2+7) (build 15.0.2+7)
# Java VM: OpenJDK 64-Bit Server VM (15.0.2+7, mixed mode, tiered, compressed oops, g1 gc, linux-amd64)
GC Precious Log:
 CPUs: 12 total, 12 available
 Memory: 32117M
 Large Page Support: Disabled
 NUMA Support: Disabled
 Compressed Oops: Enabled (Zero based)
 Heap Region Size: 4M
 Heap Min Capacity: 8M
 Heap Initial Capacity: 504M
 Heap Max Capacity: 8032M
 Pre-touch: Disabled
 Parallel Workers: 10
 Concurrent Workers: 3
 Concurrent Refinement Workers: 10
 Periodic GC: Disabled
Heap:
 garbage-first heap   total 40960K, used 9642K [0x000000060a000000, 0x0000000800000000)
  region size 4096K, 2 young (8192K), 1 survivors (4096K)
 Metaspace       used 33906K, capacity 34101K, committed 34816K, reserved 1081344K
  class space    used 3430K, capacity 3486K, committed 3584K, reserved 1048576K
GC Heap History (10 events):
Event: 0.349 GC heap before
{Heap before GC invocations=0 (full 0):
 garbage-first heap   total 516096K, used 24576K [0x000000060a000000, 0x0000000800000000)
  region size 4096K, 6 young (24576K), 0 survivors (0K)
 Metaspace       used 11900K, capacity 12031K, committed 12416K, reserved 1060864K
  class space    used 1064K, capacity 1109K, committed 1152K, reserved 1048576K
}
Event: 0.352 GC heap after
{Heap after GC invocations=1 (full 0):
 garbage-first heap   total 516096K, used 3258K [0x000000060a000000, 0x0000000800000000)
  region size 4096K, 1 young (4096K), 1 survivors (4096K)
 Metaspace       used 11900K, capacity 12031K, committed 12416K, reserved 1060864K
  class space    used 1064K, capacity 1109K, committed 1152K, reserved 1048576K
}
Event: 1.135 GC heap before
{Heap before GC invocations=1 (full 0):
 garbage-first heap   total 516096K, used 27834K [0x000000060a000000, 0x0000000800000000)
  region size 4096K, 7 young (28672K), 1 survivors (4096K)
 Metaspace       used 19508K, capacity 19730K, committed 19840K, reserved 1067008K
  class space    used 1860K, capacity 1918K, committed 1920K, reserved 1048576K
}
Event: 1.138 GC heap after
{Heap after GC invocations=2 (full 0):
 garbage-first heap   total 516096K, used 6927K [0x000000060a000000, 0x0000000800000000)
  region size 4096K, 1 young (4096K), 1 survivors (4096K)
 Metaspace       used 19508K, capacity 19730K, committed 19840K, reserved 1067008K
  class space    used 1860K, capacity 1918K, committed 1920K, reserved 1048576K
}
Event: 2.161 GC heap before
{Heap before GC invocations=2 (full 0):
 garbage-first heap   total 516096K, used 11023K [0x000000060a000000, 0x0000000800000000)
  region size 4096K, 3 young (12288K), 1 survivors (4096K)
 Metaspace       used 20693K, capacity 20934K, committed 21248K, reserved 1069056K
  class space    used 1971K, capacity 2022K, committed 2048K, reserved 1048576K
}
Event: 2.163 GC heap after
{Heap after GC invocations=3 (full 0):
 garbage-first heap   total 516096K, used 7153K [0x000000060a000000, 0x0000000800000000)
  region size 4096K, 1 young (4096K), 1 survivors (4096K)
 Metaspace       used 20693K, capacity 20934K, committed 21248K, reserved 1069056K
  class space    used 1971K, capacity 2022K, committed 2048K, reserved 1048576K
}
Event: 2.690 GC heap before
{Heap before GC invocations=4 (full 0):
 garbage-first heap   total 40960K, used 27633K [0x000000060a000000, 0x0000000800000000)
  region size 4096K, 6 young (24576K), 1 survivors (4096K)
 Metaspace       used 28135K, capacity 28399K, committed 28800K, reserved 1075200K
  class space    used 2852K, capacity 2909K, committed 2944K, reserved 1048576K
}
Event: 2.692 GC heap after
{Heap after GC invocations=5 (full 0):
 garbage-first heap   total 40960K, used 8554K [0x000000060a000000, 0x0000000800000000)
  region size 4096K, 1 young (4096K), 1 survivors (4096K)
 Metaspace       used 28135K, capacity 28399K, committed 28800K, reserved 1075200K
  class space    used 2852K, capacity 2909K, committed 2944K, reserved 1048576K
}
Event: 2.939 GC heap before
{Heap before GC invocations=5 (full 0):
 garbage-first heap   total 40960K, used 24938K [0x000000060a000000, 0x0000000800000000)
  region size 4096K, 5 young (20480K), 1 survivors (4096K)
 Metaspace       used 31715K, capacity 31989K, committed 32640K, reserved 1079296K
  class space    used 3262K, capacity 3358K, committed 3456K, reserved 1048576K
}
Event: 2.942 GC heap after
{Heap after GC invocations=6 (full 0):
 garbage-first heap   total 40960K, used 9261K [0x000000060a000000, 0x0000000800000000)
  region size 4096K, 1 young (4096K), 1 survivors (4096K)
 Metaspace       used 31715K, capacity 31989K, committed 32640K, reserved 1079296K
  class space    used 3262K, capacity 3358K, committed 3456K, reserved 1048576K
}

